2019-10-21 7:52:01 - PHP Warning:  mysqli::__construct(): (HY000/1044): Access denied for user 'inspireu'@'localhost' to database 'inspireui_opencart' in /Users/admin/Documents/Research/mstore_opencart/system/library/db/mysqli.php on line 7
2019-10-21 7:52:01 - PHP Warning:  DB\MySQLi::__construct(): Couldn't fetch mysqli in /Users/admin/Documents/Research/mstore_opencart/system/library/db/mysqli.php on line 10
2019-10-21 7:52:01 - PHP Warning:  DB\MySQLi::__construct(): Couldn't fetch mysqli in /Users/admin/Documents/Research/mstore_opencart/system/library/db/mysqli.php on line 10
2019-10-21 7:52:01 - PHP Notice:  Undefined variable: mysql in /Users/admin/Documents/Research/mstore_opencart/install/controller/install/step_3.php on line 280
2019-10-21 7:52:01 - PHP Notice:  Trying to get property 'connect_error' of non-object in /Users/admin/Documents/Research/mstore_opencart/install/controller/install/step_3.php on line 280
2019-10-21 7:52:26 - PHP Warning:  mysqli::__construct(): (HY000/1044): Access denied for user 'inspireu'@'198.252.98.25' to database 'inspireui_opencart' in /Users/admin/Documents/Research/mstore_opencart/system/library/db/mysqli.php on line 7
2019-10-21 7:52:26 - PHP Warning:  DB\MySQLi::__construct(): Couldn't fetch mysqli in /Users/admin/Documents/Research/mstore_opencart/system/library/db/mysqli.php on line 10
2019-10-21 7:52:26 - PHP Warning:  DB\MySQLi::__construct(): Couldn't fetch mysqli in /Users/admin/Documents/Research/mstore_opencart/system/library/db/mysqli.php on line 10
2019-10-21 7:52:26 - PHP Notice:  Undefined variable: mysql in /Users/admin/Documents/Research/mstore_opencart/install/controller/install/step_3.php on line 280
2019-10-21 7:52:26 - PHP Notice:  Trying to get property 'connect_error' of non-object in /Users/admin/Documents/Research/mstore_opencart/install/controller/install/step_3.php on line 280
2019-10-21 7:56:46 - PHP Warning:  mysqli::__construct(): (HY000/1045): Access denied for user 'root'@'localhost' (using password: YES) in /Users/admin/Documents/Research/mstore_opencart/system/library/db/mysqli.php on line 7
2019-10-21 7:56:46 - PHP Warning:  DB\MySQLi::__construct(): Couldn't fetch mysqli in /Users/admin/Documents/Research/mstore_opencart/system/library/db/mysqli.php on line 10
2019-10-21 7:56:46 - PHP Warning:  DB\MySQLi::__construct(): Couldn't fetch mysqli in /Users/admin/Documents/Research/mstore_opencart/system/library/db/mysqli.php on line 10
2019-10-21 7:56:46 - PHP Notice:  Undefined variable: mysql in /Users/admin/Documents/Research/mstore_opencart/install/controller/install/step_3.php on line 280
2019-10-21 7:56:46 - PHP Notice:  Trying to get property 'connect_error' of non-object in /Users/admin/Documents/Research/mstore_opencart/install/controller/install/step_3.php on line 280
2019-10-21 8:00:58 - PHP Warning:  mysqli::__construct(): (HY000/1044): Access denied for user 'inspireu_opencart'@'localhost' to database 'inspireui_opencart' in /Users/admin/Documents/Research/mstore_opencart/system/library/db/mysqli.php on line 7
2019-10-21 8:00:58 - PHP Warning:  DB\MySQLi::__construct(): Couldn't fetch mysqli in /Users/admin/Documents/Research/mstore_opencart/system/library/db/mysqli.php on line 10
2019-10-21 8:00:58 - PHP Warning:  DB\MySQLi::__construct(): Couldn't fetch mysqli in /Users/admin/Documents/Research/mstore_opencart/system/library/db/mysqli.php on line 10
2019-10-21 8:00:58 - PHP Notice:  Undefined variable: mysql in /Users/admin/Documents/Research/mstore_opencart/install/controller/install/step_3.php on line 280
2019-10-21 8:00:58 - PHP Notice:  Trying to get property 'connect_error' of non-object in /Users/admin/Documents/Research/mstore_opencart/install/controller/install/step_3.php on line 280
2019-10-21 8:01:17 - PHP Warning:  mysqli::__construct(): (HY000/1044): Access denied for user 'inspireu_opencart'@'lax-sd025.hawkhost.com' to database 'inspireui_opencart' in /Users/admin/Documents/Research/mstore_opencart/system/library/db/mysqli.php on line 7
2019-10-21 8:01:17 - PHP Warning:  DB\MySQLi::__construct(): Couldn't fetch mysqli in /Users/admin/Documents/Research/mstore_opencart/system/library/db/mysqli.php on line 10
2019-10-21 8:01:17 - PHP Warning:  DB\MySQLi::__construct(): Couldn't fetch mysqli in /Users/admin/Documents/Research/mstore_opencart/system/library/db/mysqli.php on line 10
2019-10-21 8:01:17 - PHP Notice:  Undefined variable: mysql in /Users/admin/Documents/Research/mstore_opencart/install/controller/install/step_3.php on line 280
2019-10-21 8:01:17 - PHP Notice:  Trying to get property 'connect_error' of non-object in /Users/admin/Documents/Research/mstore_opencart/install/controller/install/step_3.php on line 280
2019-10-21 8:02:48 - PHP Warning:  mysqli::__construct(): php_network_getaddresses: getaddrinfo failed: Name or service not known in /Users/admin/Documents/Research/mstore_opencart/system/library/db/mysqli.php on line 7
2019-10-21 8:02:48 - PHP Warning:  mysqli::__construct(): (HY000/2002): php_network_getaddresses: getaddrinfo failed: Name or service not known in /Users/admin/Documents/Research/mstore_opencart/system/library/db/mysqli.php on line 7
2019-10-21 8:02:48 - PHP Warning:  DB\MySQLi::__construct(): Couldn't fetch mysqli in /Users/admin/Documents/Research/mstore_opencart/system/library/db/mysqli.php on line 10
2019-10-21 8:02:48 - PHP Warning:  DB\MySQLi::__construct(): Couldn't fetch mysqli in /Users/admin/Documents/Research/mstore_opencart/system/library/db/mysqli.php on line 10
2019-10-21 8:02:48 - PHP Notice:  Undefined variable: mysql in /Users/admin/Documents/Research/mstore_opencart/install/controller/install/step_3.php on line 280
2019-10-21 8:02:48 - PHP Notice:  Trying to get property 'connect_error' of non-object in /Users/admin/Documents/Research/mstore_opencart/install/controller/install/step_3.php on line 280
2019-10-21 8:03:07 - PHP Warning:  mysqli::__construct(): (HY000/1044): Access denied for user 'inspireu_opencart'@'localhost' to database 'inspireui_opencart' in /Users/admin/Documents/Research/mstore_opencart/system/library/db/mysqli.php on line 7
2019-10-21 8:03:07 - PHP Warning:  DB\MySQLi::__construct(): Couldn't fetch mysqli in /Users/admin/Documents/Research/mstore_opencart/system/library/db/mysqli.php on line 10
2019-10-21 8:03:07 - PHP Warning:  DB\MySQLi::__construct(): Couldn't fetch mysqli in /Users/admin/Documents/Research/mstore_opencart/system/library/db/mysqli.php on line 10
2019-10-21 8:03:07 - PHP Notice:  Undefined variable: mysql in /Users/admin/Documents/Research/mstore_opencart/install/controller/install/step_3.php on line 280
2019-10-21 8:03:07 - PHP Notice:  Trying to get property 'connect_error' of non-object in /Users/admin/Documents/Research/mstore_opencart/install/controller/install/step_3.php on line 280
2019-10-21 8:05:43 - PHP Warning:  mysqli::__construct(): (HY000/1044): Access denied for user 'inspireu_opencart'@'localhost' to database 'inspireui_opencart' in /Users/admin/Documents/Research/mstore_opencart/system/library/db/mysqli.php on line 7
2019-10-21 8:05:43 - PHP Warning:  DB\MySQLi::__construct(): Couldn't fetch mysqli in /Users/admin/Documents/Research/mstore_opencart/system/library/db/mysqli.php on line 10
2019-10-21 8:05:43 - PHP Warning:  DB\MySQLi::__construct(): Couldn't fetch mysqli in /Users/admin/Documents/Research/mstore_opencart/system/library/db/mysqli.php on line 10
2019-10-21 8:05:43 - PHP Notice:  Undefined variable: mysql in /Users/admin/Documents/Research/mstore_opencart/install/controller/install/step_3.php on line 280
2019-10-21 8:05:43 - PHP Notice:  Trying to get property 'connect_error' of non-object in /Users/admin/Documents/Research/mstore_opencart/install/controller/install/step_3.php on line 280
